2013.31.16 04:31:05  java server stared
2013.31.16 04:31:09  php sent : 1
2013.31.16 04:31:09  2013.31.16 04:31:09  Child thread starting
2013.31.16 04:31:09  java sent : 2013.31.16 04:31:09 
2013.31.16 04:31:10  2013.31.16 04:31:09  Child thread terminating
2013.31.16 04:31:18  php sent : 1
2013.32.16 04:32:58  java server stared
2013.33.16 04:33:08  php sent : 1
2013.33.16 04:33:08  java sent : 2013.33.16 04:33:08 
2013.33.16 04:33:08  2013.33.16 04:33:08  Child thread starting
2013.33.16 04:33:08  2013.33.16 04:33:08  Child thread terminating
2013.33.16 04:33:15  php sent : 1
2013.34.16 04:34:27  java server stared
2013.34.16 04:34:37  php sent : 1
2013.34.16 04:34:37  java sent : 2013.34.16 04:34:37 
2013.34.16 04:34:41  php sent : 1
2013.34.16 04:34:41  java sent : 2013.34.16 04:34:41 
2013.34.16 04:34:43  php sent : 1
2013.34.16 04:34:43  java sent : 2013.34.16 04:34:43 
2013.34.16 04:34:46  php sent : 1
2013.34.16 04:34:46  java sent : 2013.34.16 04:34:46 
2013.34.16 04:34:48  php sent : 1
2013.34.16 04:34:48  java sent : 2013.34.16 04:34:48 
2013.43.16 04:43:39  java server stared
2013.43.16 04:43:49  php sent : 1
2013.43.16 04:43:49  java sent : 2013.43.16 04:43:49 
2013.43.16 04:43:49  2013.43.16 04:43:49  Child thread starting
2013.43.16 04:43:50  2013.43.16 04:43:49  Child thread terminating
2013.44.16 04:44:10  php sent : 1
2013.46.16 04:46:18  java server stared
2013.46.16 04:46:26  php sent : 1
2013.46.16 04:46:26  java sent : 2013.46.16 04:46:26 
2013.46.16 04:46:26  2013.46.16 04:46:26  Child thread starting
2013.46.16 04:46:26  2013.46.16 04:46:26  Child thread terminating
2013.53.16 04:53:14  java server stared
2013.53.16 04:53:39  php sent : 1
2013.53.16 04:53:39  java sent : 2013.53.16 04:53:39 
2013.53.16 04:53:39  2013.53.16 04:53:39  Child thread starting
2013.53.16 04:53:39  2013.53.16 04:53:39  Child thread terminating
2013.54.16 04:54:36  java server stared
2013.54.16 04:54:41  php sent : 1
2013.54.16 04:54:41  java sent : 2013.54.16 04:54:41 
2013.54.16 04:54:41  2013.54.16 04:54:41  Child thread starting
2013.54.16 04:54:42  2013.54.16 04:54:41  Child thread terminating
2013.54.16 04:54:53  php sent : 1
2013.55.16 04:55:47  java server stared
2013.55.16 04:55:54  java server stared
2013.56.16 04:56:10  java server stared
2013.56.16 04:56:43  php sent : 1
2013.56.16 04:56:43  java sent : 2013.56.16 04:56:43 
2013.56.16 04:56:43  2013.56.16 04:56:43  Child thread starting
2013.56.16 04:56:44  [ID 8] 0
2013.56.16 04:56:44  2013.56.16 04:56:43  Child thread is sleeping
2013.56.16 04:56:46  [ID 8] 3
2013.56.16 04:56:46  2013.56.16 04:56:43  Child thread is sleeping
2013.56.16 04:56:48  [ID 8] 6
2013.56.16 04:56:48  2013.56.16 04:56:43  Child thread is sleeping
2013.56.16 04:56:50  [ID 8] 9
2013.56.16 04:56:50  2013.56.16 04:56:43  Child thread is sleeping
2013.56.16 04:56:52  [ID 8] 12
2013.56.16 04:56:52  2013.56.16 04:56:43  Child thread is sleeping
2013.56.16 04:56:54  [ID 8] 15
2013.56.16 04:56:54  2013.56.16 04:56:43  Child thread is sleeping
2013.56.16 04:56:56  [ID 8] 18
2013.56.16 04:56:56  2013.56.16 04:56:43  Child thread is sleeping
2013.56.16 04:56:58  [ID 8] 21
2013.56.16 04:56:58  2013.56.16 04:56:43  Child thread is sleeping
2013.57.16 04:57:00  [ID 8] 24
2013.57.16 04:57:00  2013.56.16 04:56:43  Child thread is sleeping
2013.57.16 04:57:02  [ID 8] 27
2013.57.16 04:57:02  2013.56.16 04:56:43  Child thread is sleeping
2013.57.16 04:57:04  [ID 8] 30
2013.57.16 04:57:04  2013.56.16 04:56:43  Child thread is sleeping
2013.57.16 04:57:06  [ID 8] 33
2013.57.16 04:57:06  2013.56.16 04:56:43  Child thread is sleeping
2013.57.16 04:57:08  [ID 8] 36
2013.57.16 04:57:08  2013.56.16 04:56:43  Child thread is sleeping
2013.57.16 04:57:10  [ID 8] 39
2013.57.16 04:57:10  2013.56.16 04:56:43  Child thread is sleeping
2013.57.16 04:57:12  [ID 8] 42
2013.57.16 04:57:12  2013.56.16 04:56:43  Child thread is sleeping
2013.57.16 04:57:14  [ID 8] 45
2013.57.16 04:57:14  2013.56.16 04:56:43  Child thread is sleeping
2013.57.16 04:57:16  [ID 8] 48
2013.57.16 04:57:16  2013.56.16 04:56:43  Child thread is sleeping
2013.57.16 04:57:18  [ID 8] 51
2013.57.16 04:57:18  2013.56.16 04:56:43  Child thread is sleeping
2013.57.16 04:57:20  [ID 8] 54
2013.57.16 04:57:20  2013.56.16 04:56:43  Child thread is sleeping
2013.57.16 04:57:22  [ID 8] 57
2013.57.16 04:57:22  2013.56.16 04:56:43  Child thread is sleeping
2013.57.16 04:57:24  [ID 8] 60
2013.57.16 04:57:24  2013.56.16 04:56:43  Child thread is sleeping
2013.57.16 04:57:26  [ID 8] 63
2013.57.16 04:57:26  2013.56.16 04:56:43  Child thread is sleeping
2013.57.16 04:57:28  [ID 8] 66
2013.57.16 04:57:28  2013.56.16 04:56:43  Child thread is sleeping
2013.57.16 04:57:30  [ID 8] 69
2013.57.16 04:57:30  2013.56.16 04:56:43  Child thread is sleeping
2013.57.16 04:57:32  [ID 8] 72
2013.57.16 04:57:32  2013.56.16 04:56:43  Child thread is sleeping
2013.57.16 04:57:34  [ID 8] 75
2013.57.16 04:57:34  2013.56.16 04:56:43  Child thread is sleeping
2013.57.16 04:57:36  [ID 8] 78
2013.57.16 04:57:36  2013.56.16 04:56:43  Child thread is sleeping
2013.57.16 04:57:38  [ID 8] 81
2013.57.16 04:57:38  2013.56.16 04:56:43  Child thread is sleeping
2013.57.16 04:57:40  [ID 8] 84
2013.57.16 04:57:40  2013.56.16 04:56:43  Child thread is sleeping
2013.57.16 04:57:42  [ID 8] 87
2013.57.16 04:57:42  2013.56.16 04:56:43  Child thread is sleeping
2013.57.16 04:57:44  [ID 8] 90
2013.57.16 04:57:44  2013.56.16 04:56:43  Child thread is sleeping
2013.57.16 04:57:46  [ID 8] 93
2013.57.16 04:57:46  2013.56.16 04:56:43  Child thread is sleeping
2013.57.16 04:57:48  [ID 8] 96
2013.57.16 04:57:48  2013.56.16 04:56:43  Child thread is sleeping
2013.57.16 04:57:50  [ID 8] 99
2013.57.16 04:57:50  2013.56.16 04:56:43  Child thread is sleeping
2013.57.16 04:57:52  [ID 8] 102
2013.57.16 04:57:52  2013.56.16 04:56:43  Child thread is sleeping
2013.57.16 04:57:54  [ID 8] 105
2013.57.16 04:57:54  2013.56.16 04:56:43  Child thread is sleeping
2013.57.16 04:57:56  [ID 8] 108
2013.57.16 04:57:56  2013.56.16 04:56:43  Child thread is sleeping
2013.57.16 04:57:58  [ID 8] 111
2013.57.16 04:57:58  2013.56.16 04:56:43  Child thread is sleeping
2013.58.16 04:58:00  [ID 8] 114
2013.58.16 04:58:00  2013.56.16 04:56:43  Child thread is sleeping
2013.58.16 04:58:02  [ID 8] 117
2013.58.16 04:58:02  2013.56.16 04:56:43  Child thread is sleeping
2013.58.16 04:58:04  [ID 8] 120
2013.58.16 04:58:04  2013.56.16 04:56:43  Child thread is sleeping
2013.58.16 04:58:04  php sent : 0
2013.58.16 04:58:04  java sent : 2013.58.16 04:58:04 
2013.58.16 04:58:06  [ID 8] 123
2013.58.16 04:58:06  2013.56.16 04:56:43  Child thread is sleeping
2013.58.16 04:58:08  [ID 8] 126
2013.58.16 04:58:08  2013.56.16 04:56:43  Child thread is sleeping
2013.58.16 04:58:10  [ID 8] 129
2013.58.16 04:58:10  2013.56.16 04:56:43  Child thread is sleeping
2013.58.16 04:58:10  php sent : 0
2013.58.16 04:58:10  java sent : 2013.58.16 04:58:10 
2013.58.16 04:58:12  [ID 8] 132
2013.58.16 04:58:12  2013.56.16 04:56:43  Child thread is sleeping
2013.58.16 04:58:14  [ID 8] 135
2013.58.16 04:58:14  2013.56.16 04:56:43  Child thread is sleeping
2013.58.16 04:58:15  php sent : 0
2013.58.16 04:58:15  java sent : 2013.58.16 04:58:15 
2013.58.16 04:58:16  [ID 8] 138
2013.58.16 04:58:16  2013.56.16 04:56:43  Child thread is sleeping
2013.58.16 04:58:18  [ID 8] 141
2013.58.16 04:58:18  2013.56.16 04:56:43  Child thread is sleeping
2013.58.16 04:58:20  [ID 8] 144
2013.58.16 04:58:20  2013.56.16 04:56:43  Child thread is sleeping
2013.58.16 04:58:22  php sent : 0
2013.58.16 04:58:22  java sent : 2013.58.16 04:58:22 
2013.58.16 04:58:22  [ID 8] 147
2013.58.16 04:58:22  2013.56.16 04:56:43  Child thread is sleeping
2013.58.16 04:58:24  [ID 8] 150
2013.58.16 04:58:24  2013.56.16 04:56:43  Child thread is sleeping
2013.58.16 04:58:24  php sent : 0
2013.58.16 04:58:24  java sent : 2013.58.16 04:58:24 
2013.58.16 04:58:26  [ID 8] 153
2013.58.16 04:58:26  2013.56.16 04:56:43  Child thread is sleeping
2013.58.16 04:58:28  [ID 8] 156
2013.58.16 04:58:28  2013.56.16 04:56:43  Child thread is sleeping
2013.58.16 04:58:30  [ID 8] 159
2013.58.16 04:58:30  2013.56.16 04:56:43  Child thread is sleeping
2013.58.16 04:58:32  [ID 8] 162
2013.58.16 04:58:32  2013.56.16 04:56:43  Child thread is sleeping
2013.58.16 04:58:34  [ID 8] 165
2013.58.16 04:58:34  2013.56.16 04:56:43  Child thread is sleeping
2013.58.16 04:58:34  php sent : 0
2013.58.16 04:58:34  java sent : 2013.58.16 04:58:34 
2013.58.16 04:58:36  [ID 8] 168
2013.58.16 04:58:36  2013.56.16 04:56:43  Child thread is sleeping
2013.58.16 04:58:36  php sent : 0
2013.58.16 04:58:36  java sent : 2013.58.16 04:58:36 
2013.58.16 04:58:38  [ID 8] 171
2013.58.16 04:58:38  2013.56.16 04:56:43  Child thread is sleeping
2013.58.16 04:58:39  php sent : 0
2013.58.16 04:58:39  java sent : 2013.58.16 04:58:39 
2013.58.16 04:58:40  [ID 8] 174
2013.58.16 04:58:40  2013.56.16 04:56:43  Child thread is sleeping
2013.58.16 04:58:42  [ID 8] 177
2013.58.16 04:58:42  2013.56.16 04:56:43  Child thread is sleeping
2013.58.16 04:58:43  php sent : 0
2013.58.16 04:58:43  java sent : 2013.58.16 04:58:43 
2013.58.16 04:58:44  [ID 8] 180
2013.58.16 04:58:44  2013.56.16 04:56:43  Child thread is sleeping
2013.58.16 04:58:46  [ID 8] 183
2013.58.16 04:58:46  2013.56.16 04:56:43  Child thread is sleeping
2013.58.16 04:58:48  [ID 8] 186
2013.58.16 04:58:48  2013.56.16 04:56:43  Child thread is sleeping
2013.58.16 04:58:48  php sent : 0
2013.58.16 04:58:48  java sent : 2013.58.16 04:58:48 
2013.58.16 04:58:50  [ID 8] 189
2013.58.16 04:58:50  2013.56.16 04:56:43  Child thread is sleeping
2013.58.16 04:58:51  php sent : 0
2013.58.16 04:58:51  java sent : 2013.58.16 04:58:51 
2013.58.16 04:58:52  [ID 8] 192
2013.58.16 04:58:52  2013.56.16 04:56:43  Child thread is sleeping
2013.58.16 04:58:54  [ID 8] 195
2013.58.16 04:58:54  2013.56.16 04:56:43  Child thread is sleeping
2013.58.16 04:58:56  [ID 8] 198
2013.58.16 04:58:56  2013.56.16 04:56:43  Child thread is sleeping
2013.58.16 04:58:58  [ID 8] 201
2013.58.16 04:58:58  2013.56.16 04:56:43  Child thread is sleeping
2013.59.16 04:59:00  [ID 8] 204
2013.59.16 04:59:00  2013.56.16 04:56:43  Child thread is sleeping
2013.59.16 04:59:02  [ID 8] 207
2013.59.16 04:59:02  2013.56.16 04:56:43  Child thread is sleeping
2013.59.16 04:59:04  [ID 8] 210
2013.59.16 04:59:04  2013.56.16 04:56:43  Child thread is sleeping
2013.59.16 04:59:06  [ID 8] 213
2013.59.16 04:59:06  2013.56.16 04:56:43  Child thread is sleeping
2013.59.16 04:59:08  [ID 8] 216
2013.59.16 04:59:08  2013.56.16 04:56:43  Child thread is sleeping
2013.59.16 04:59:10  [ID 8] 219
2013.59.16 04:59:10  2013.56.16 04:56:43  Child thread is sleeping
2013.59.16 04:59:12  [ID 8] 222
2013.59.16 04:59:12  2013.56.16 04:56:43  Child thread is sleeping
2013.59.16 04:59:14  [ID 8] 225
2013.59.16 04:59:14  2013.56.16 04:56:43  Child thread is sleeping
2013.59.16 04:59:16  [ID 8] 228
2013.59.16 04:59:16  2013.56.16 04:56:43  Child thread is sleeping
2013.59.16 04:59:18  [ID 8] 231
2013.59.16 04:59:18  2013.56.16 04:56:43  Child thread is sleeping
2013.59.16 04:59:20  [ID 8] 234
2013.59.16 04:59:20  2013.56.16 04:56:43  Child thread is sleeping
2013.59.16 04:59:22  [ID 8] 237
2013.59.16 04:59:22  2013.56.16 04:56:43  Child thread is sleeping
2013.59.16 04:59:24  [ID 8] 240
2013.59.16 04:59:24  2013.56.16 04:56:43  Child thread is sleeping
2013.59.16 04:59:26  [ID 8] 243
2013.59.16 04:59:26  2013.56.16 04:56:43  Child thread is sleeping
2013.59.16 04:59:28  [ID 8] 246
2013.59.16 04:59:28  2013.56.16 04:56:43  Child thread is sleeping
2013.59.16 04:59:30  [ID 8] 249
2013.59.16 04:59:30  2013.56.16 04:56:43  Child thread is sleeping
2013.59.16 04:59:32  [ID 8] 252
2013.59.16 04:59:32  2013.56.16 04:56:43  Child thread is sleeping
2013.59.16 04:59:34  [ID 8] 255
2013.59.16 04:59:34  2013.56.16 04:56:43  Child thread is sleeping
2013.59.16 04:59:36  [ID 8] 258
2013.59.16 04:59:36  2013.56.16 04:56:43  Child thread is sleeping
2013.59.16 04:59:38  [ID 8] 261
2013.59.16 04:59:38  2013.56.16 04:56:43  Child thread is sleeping
2013.59.16 04:59:40  [ID 8] 264
2013.59.16 04:59:40  2013.56.16 04:56:43  Child thread is sleeping
2013.59.16 04:59:42  [ID 8] 267
2013.59.16 04:59:42  2013.56.16 04:56:43  Child thread is sleeping
2013.59.16 04:59:44  [ID 8] 270
2013.59.16 04:59:44  2013.56.16 04:56:43  Child thread is sleeping
2013.59.16 04:59:46  [ID 8] 273
2013.59.16 04:59:46  2013.56.16 04:56:43  Child thread is sleeping
2013.59.16 04:59:48  [ID 8] 276
2013.59.16 04:59:48  2013.56.16 04:56:43  Child thread is sleeping
2013.59.16 04:59:50  [ID 8] 279
2013.59.16 04:59:50  2013.56.16 04:56:43  Child thread is sleeping
2013.59.16 04:59:52  [ID 8] 282
2013.59.16 04:59:52  2013.56.16 04:56:43  Child thread is sleeping
2013.59.16 04:59:54  [ID 8] 285
2013.59.16 04:59:54  2013.56.16 04:56:43  Child thread is sleeping
2013.59.16 04:59:56  [ID 8] 288
2013.59.16 04:59:56  2013.56.16 04:56:43  Child thread is sleeping
2013.59.16 04:59:58  [ID 8] 291
2013.59.16 04:59:58  2013.56.16 04:56:43  Child thread is sleeping
2013.00.16 05:00:00  [ID 8] 294
2013.00.16 05:00:00  2013.56.16 04:56:43  Child thread is sleeping
2013.00.16 05:00:02  [ID 8] 297
2013.00.16 05:00:02  2013.56.16 04:56:43  Child thread is sleeping
2013.00.16 05:00:04  2013.56.16 04:56:43  Child thread terminating
2013.00.16 05:00:13  php sent : 0
2013.00.16 05:00:13  java sent : 2013.00.16 05:00:13 
2013.00.16 05:00:25  php sent : 1
2013.01.16 05:01:21  java server stared
2013.01.16 05:01:26  php sent : 0
2013.01.16 05:01:26  java sent : 2013.01.16 05:01:26 
2013.01.16 05:01:29  php sent : 0
2013.01.16 05:01:29  java sent : 2013.01.16 05:01:29 
2013.01.16 05:01:39  php sent : 1
2013.01.16 05:01:39  java sent : 2013.01.16 05:01:39 
2013.01.16 05:01:39  [ID 8] 0
2013.01.16 05:01:39   Child thread is sleeping
2013.01.16 05:01:41  [ID 8] 3
2013.01.16 05:01:41   Child thread is sleeping
2013.01.16 05:01:43  [ID 8] 6
2013.01.16 05:01:43   Child thread is sleeping
2013.01.16 05:01:45  [ID 8] 9
2013.01.16 05:01:45   Child thread is sleeping
2013.01.16 05:01:47  [ID 8] 12
2013.01.16 05:01:47   Child thread is sleeping
2013.01.16 05:01:49  [ID 8] 15
2013.01.16 05:01:49   Child thread is sleeping
2013.01.16 05:01:51  [ID 8] 18
2013.01.16 05:01:51   Child thread is sleeping
2013.01.16 05:01:53  [ID 8] 21
2013.01.16 05:01:53   Child thread is sleeping
2013.01.16 05:01:55  [ID 8] 24
2013.01.16 05:01:55   Child thread is sleeping
2013.01.16 05:01:57  [ID 8] 27
2013.01.16 05:01:57   Child thread is sleeping
2013.01.16 05:01:58  php sent : 0
2013.01.16 05:01:58  java sent : 2013.01.16 05:01:58 
2013.01.16 05:01:59  [ID 8] 30
2013.01.16 05:01:59   Child thread is sleeping
2013.02.16 05:02:01  [ID 8] 33
2013.02.16 05:02:01   Child thread is sleeping
2013.02.16 05:02:03  [ID 8] 36
2013.02.16 05:02:03   Child thread is sleeping
2013.02.16 05:02:05  [ID 8] 39
2013.02.16 05:02:05   Child thread is sleeping
2013.02.16 05:02:07  [ID 8] 42
2013.02.16 05:02:07   Child thread is sleeping
2013.02.16 05:02:09  [ID 8] 45
2013.02.16 05:02:09   Child thread is sleeping
2013.02.16 05:02:11  [ID 8] 48
2013.02.16 05:02:11   Child thread is sleeping
2013.02.16 05:02:13  [ID 8] 51
2013.02.16 05:02:13   Child thread is sleeping
2013.02.16 05:02:15  [ID 8] 54
2013.02.16 05:02:15   Child thread is sleeping
2013.02.16 05:02:17  [ID 8] 57
2013.02.16 05:02:17   Child thread is sleeping
2013.02.16 05:02:19  [ID 8] 60
2013.02.16 05:02:19   Child thread is sleeping
2013.02.16 05:02:21  [ID 8] 63
2013.02.16 05:02:21   Child thread is sleeping
2013.02.16 05:02:23  [ID 8] 66
2013.02.16 05:02:23   Child thread is sleeping
2013.02.16 05:02:25  [ID 8] 69
2013.02.16 05:02:25   Child thread is sleeping
2013.02.16 05:02:27  [ID 8] 72
2013.02.16 05:02:27   Child thread is sleeping
2013.02.16 05:02:29  [ID 8] 75
2013.02.16 05:02:29   Child thread is sleeping
2013.02.16 05:02:31  [ID 8] 78
2013.02.16 05:02:31   Child thread is sleeping
2013.02.16 05:02:33  [ID 8] 81
2013.02.16 05:02:33   Child thread is sleeping
2013.02.16 05:02:35  [ID 8] 84
2013.02.16 05:02:35   Child thread is sleeping
2013.02.16 05:02:37  [ID 8] 87
2013.02.16 05:02:37   Child thread is sleeping
2013.02.16 05:02:39  [ID 8] 90
2013.02.16 05:02:39   Child thread is sleeping
2013.02.16 05:02:41  [ID 8] 93
2013.02.16 05:02:41   Child thread is sleeping
2013.02.16 05:02:43  [ID 8] 96
2013.02.16 05:02:43   Child thread is sleeping
2013.02.16 05:02:45  [ID 8] 99
2013.02.16 05:02:45   Child thread is sleeping
2013.02.16 05:02:47  [ID 8] 102
2013.02.16 05:02:47   Child thread is sleeping
2013.02.16 05:02:49  [ID 8] 105
2013.02.16 05:02:49   Child thread is sleeping
2013.02.16 05:02:51  [ID 8] 108
2013.02.16 05:02:51   Child thread is sleeping
2013.02.16 05:02:53  [ID 8] 111
2013.02.16 05:02:53   Child thread is sleeping
2013.02.16 05:02:55  [ID 8] 114
2013.02.16 05:02:55   Child thread is sleeping
2013.02.16 05:02:57  [ID 8] 117
2013.02.16 05:02:57   Child thread is sleeping
2013.02.16 05:02:59  [ID 8] 120
2013.02.16 05:02:59   Child thread is sleeping
2013.03.16 05:03:01  [ID 8] 123
2013.03.16 05:03:01   Child thread is sleeping
2013.03.16 05:03:03  [ID 8] 126
2013.03.16 05:03:03   Child thread is sleeping
2013.03.16 05:03:05  [ID 8] 129
2013.03.16 05:03:05   Child thread is sleeping
2013.03.16 05:03:07  [ID 8] 132
2013.03.16 05:03:07   Child thread is sleeping
2013.03.16 05:03:09  [ID 8] 135
2013.03.16 05:03:09   Child thread is sleeping
2013.03.16 05:03:11  [ID 8] 138
2013.03.16 05:03:11   Child thread is sleeping
2013.03.16 05:03:13  [ID 8] 141
2013.03.16 05:03:13   Child thread is sleeping
2013.03.16 05:03:15  [ID 8] 144
2013.03.16 05:03:15   Child thread is sleeping
2013.03.16 05:03:17  [ID 8] 147
2013.03.16 05:03:17   Child thread is sleeping
2013.03.16 05:03:19  [ID 8] 150
2013.03.16 05:03:19   Child thread is sleeping
2013.03.16 05:03:21  [ID 8] 153
2013.03.16 05:03:21   Child thread is sleeping
2013.03.16 05:03:23  [ID 8] 156
2013.03.16 05:03:23   Child thread is sleeping
2013.03.16 05:03:25  [ID 8] 159
2013.03.16 05:03:25   Child thread is sleeping
2013.03.16 05:03:27  [ID 8] 162
2013.03.16 05:03:27   Child thread is sleeping
2013.03.16 05:03:29  [ID 8] 165
2013.03.16 05:03:29   Child thread is sleeping
2013.03.16 05:03:31  [ID 8] 168
2013.03.16 05:03:31   Child thread is sleeping
2013.03.16 05:03:33  [ID 8] 171
2013.03.16 05:03:33   Child thread is sleeping
2013.03.16 05:03:35  [ID 8] 174
2013.03.16 05:03:35   Child thread is sleeping
2013.03.16 05:03:37  [ID 8] 177
2013.03.16 05:03:37   Child thread is sleeping
2013.03.16 05:03:39  [ID 8] 180
2013.03.16 05:03:39   Child thread is sleeping
2013.03.16 05:03:41  [ID 8] 183
2013.03.16 05:03:41   Child thread is sleeping
2013.03.16 05:03:43  [ID 8] 186
2013.03.16 05:03:43   Child thread is sleeping
2013.03.16 05:03:45  [ID 8] 189
2013.03.16 05:03:45   Child thread is sleeping
2013.03.16 05:03:47  [ID 8] 192
2013.03.16 05:03:47   Child thread is sleeping
2013.03.16 05:03:49  [ID 8] 195
2013.03.16 05:03:49   Child thread is sleeping
2013.03.16 05:03:51  [ID 8] 198
2013.03.16 05:03:51   Child thread is sleeping
2013.03.16 05:03:53  [ID 8] 201
2013.03.16 05:03:53   Child thread is sleeping
2013.03.16 05:03:55  [ID 8] 204
2013.03.16 05:03:55   Child thread is sleeping
2013.03.16 05:03:57  [ID 8] 207
2013.03.16 05:03:57   Child thread is sleeping
2013.03.16 05:03:58  php sent : 0
2013.03.16 05:03:58  java sent : 2013.03.16 05:03:58 
2013.03.16 05:03:59  [ID 8] 210
2013.03.16 05:03:59   Child thread is sleeping
2013.04.16 05:04:01  php sent : 0
2013.04.16 05:04:01  java sent : 2013.04.16 05:04:01 
2013.04.16 05:04:01  [ID 8] 213
2013.04.16 05:04:01   Child thread is sleeping
2013.04.16 05:04:03  [ID 8] 216
2013.04.16 05:04:03   Child thread is sleeping
2013.04.16 05:04:05  [ID 8] 219
2013.04.16 05:04:05   Child thread is sleeping
2013.04.16 05:04:07  [ID 8] 222
2013.04.16 05:04:07   Child thread is sleeping
2013.04.16 05:04:09  [ID 8] 225
2013.04.16 05:04:09   Child thread is sleeping
2013.04.16 05:04:11  [ID 8] 228
2013.04.16 05:04:11   Child thread is sleeping
2013.04.16 05:04:13  [ID 8] 231
2013.04.16 05:04:13   Child thread is sleeping
2013.04.16 05:04:15  [ID 8] 234
2013.04.16 05:04:15   Child thread is sleeping
2013.04.16 05:04:17  [ID 8] 237
2013.04.16 05:04:17   Child thread is sleeping
2013.04.16 05:04:19  [ID 8] 240
2013.04.16 05:04:19   Child thread is sleeping
2013.04.16 05:04:21  [ID 8] 243
2013.04.16 05:04:21   Child thread is sleeping
2013.04.16 05:04:23  [ID 8] 246
2013.04.16 05:04:23   Child thread is sleeping
2013.04.16 05:04:25  [ID 8] 249
2013.04.16 05:04:25   Child thread is sleeping
2013.04.16 05:04:27  [ID 8] 252
2013.04.16 05:04:27   Child thread is sleeping
2013.04.16 05:04:29  [ID 8] 255
2013.04.16 05:04:29   Child thread is sleeping
2013.04.16 05:04:31  [ID 8] 258
2013.04.16 05:04:31   Child thread is sleeping
2013.04.16 05:04:33  [ID 8] 261
2013.04.16 05:04:33   Child thread is sleeping
2013.04.16 05:04:35  php sent : 0
2013.04.16 05:04:35  java sent : 2013.04.16 05:04:35 
2013.04.16 05:04:35  [ID 8] 264
2013.04.16 05:04:35   Child thread is sleeping
2013.04.16 05:04:37  [ID 8] 267
2013.04.16 05:04:37   Child thread is sleeping
2013.04.16 05:04:39  [ID 8] 270
2013.04.16 05:04:39   Child thread is sleeping
2013.04.16 05:04:41  [ID 8] 273
2013.04.16 05:04:41   Child thread is sleeping
2013.04.16 05:04:43  [ID 8] 276
2013.04.16 05:04:43   Child thread is sleeping
2013.04.16 05:04:45  [ID 8] 279
2013.04.16 05:04:45   Child thread is sleeping
2013.04.16 05:04:47  [ID 8] 282
2013.04.16 05:04:47   Child thread is sleeping
2013.04.16 05:04:49  [ID 8] 285
2013.04.16 05:04:49   Child thread is sleeping
2013.04.16 05:04:51  [ID 8] 288
2013.04.16 05:04:51   Child thread is sleeping
2013.04.16 05:04:53  [ID 8] 291
2013.04.16 05:04:53   Child thread is sleeping
2013.04.16 05:04:55  [ID 8] 294
2013.04.16 05:04:55   Child thread is sleeping
2013.04.16 05:04:57  [ID 8] 297
2013.04.16 05:04:57   Child thread is sleeping
2013.04.16 05:04:59   Child thread terminating
2013.05.16 05:05:07  php sent : 0
2013.05.16 05:05:07  java sent : 2013.05.16 05:05:07 
2013.05.16 05:05:14  php sent : 1
2013.12.16 05:12:34  java server stared
2013.12.16 05:12:40  php sent : 0
2013.12.16 05:12:40  java sent : 2013.12.16 05:12:40 
2013.12.16 05:12:43  php sent : 0
2013.12.16 05:12:43  java sent : 2013.12.16 05:12:43 
2013.12.16 05:12:47  php sent : 1
2013.12.16 05:12:47  java sent : 2013.12.16 05:12:47 
2013.12.16 05:12:47  [ID 9] 0
2013.12.16 05:12:47   Child thread is sleeping
2013.12.16 05:12:47  [ID 9] 3
2013.12.16 05:12:47   Child thread is sleeping
2013.12.16 05:12:47  [ID 9] 6
2013.12.16 05:12:47   Child thread is sleeping
2013.12.16 05:12:47  [ID 9] 9
2013.12.16 05:12:47   Child thread is sleeping
2013.12.16 05:12:48  [ID 9] 12
2013.12.16 05:12:48   Child thread is sleeping
2013.12.16 05:12:48  [ID 9] 15
2013.12.16 05:12:48   Child thread is sleeping
2013.12.16 05:12:48  [ID 9] 18
2013.12.16 05:12:48   Child thread is sleeping
2013.12.16 05:12:48  [ID 9] 21
2013.12.16 05:12:48   Child thread is sleeping
2013.12.16 05:12:48  [ID 9] 24
2013.12.16 05:12:48   Child thread is sleeping
2013.12.16 05:12:48  [ID 9] 27
2013.12.16 05:12:48   Child thread is sleeping
2013.12.16 05:12:48  [ID 9] 30
2013.12.16 05:12:48   Child thread is sleeping
2013.12.16 05:12:48  [ID 9] 33
2013.12.16 05:12:48   Child thread is sleeping
2013.12.16 05:12:48  [ID 9] 36
2013.12.16 05:12:48   Child thread is sleeping
2013.12.16 05:12:48  [ID 9] 39
2013.12.16 05:12:48   Child thread is sleeping
2013.12.16 05:12:49  [ID 9] 42
2013.12.16 05:12:49   Child thread is sleeping
2013.12.16 05:12:49  [ID 9] 45
2013.12.16 05:12:49   Child thread is sleeping
2013.12.16 05:12:49  [ID 9] 48
2013.12.16 05:12:49   Child thread is sleeping
2013.12.16 05:12:49  [ID 9] 51
2013.12.16 05:12:49   Child thread is sleeping
2013.12.16 05:12:49  [ID 9] 54
2013.12.16 05:12:49   Child thread is sleeping
2013.12.16 05:12:49  [ID 9] 57
2013.12.16 05:12:49   Child thread is sleeping
2013.12.16 05:12:49  [ID 9] 60
2013.12.16 05:12:49   Child thread is sleeping
2013.12.16 05:12:49  [ID 9] 63
2013.12.16 05:12:49   Child thread is sleeping
2013.12.16 05:12:49  [ID 9] 66
2013.12.16 05:12:49   Child thread is sleeping
2013.12.16 05:12:49  [ID 9] 69
2013.12.16 05:12:49   Child thread is sleeping
2013.12.16 05:12:50  [ID 9] 72
2013.12.16 05:12:50   Child thread is sleeping
2013.12.16 05:12:50  [ID 9] 75
2013.12.16 05:12:50   Child thread is sleeping
2013.12.16 05:12:50  [ID 9] 78
2013.12.16 05:12:50   Child thread is sleeping
2013.12.16 05:12:50  [ID 9] 81
2013.12.16 05:12:50   Child thread is sleeping
2013.12.16 05:12:50  [ID 9] 84
2013.12.16 05:12:50   Child thread is sleeping
2013.12.16 05:12:50  [ID 9] 87
2013.12.16 05:12:50   Child thread is sleeping
2013.12.16 05:12:50  [ID 9] 90
2013.12.16 05:12:50   Child thread is sleeping
2013.12.16 05:12:50  [ID 9] 93
2013.12.16 05:12:50   Child thread is sleeping
2013.12.16 05:12:50  [ID 9] 96
2013.12.16 05:12:50   Child thread is sleeping
2013.12.16 05:12:50  [ID 9] 99
2013.12.16 05:12:50   Child thread is sleeping
2013.12.16 05:12:51  [ID 9] 102
2013.12.16 05:12:51   Child thread is sleeping
2013.12.16 05:12:51  [ID 9] 105
2013.12.16 05:12:51   Child thread is sleeping
2013.12.16 05:12:51  [ID 9] 108
2013.12.16 05:12:51   Child thread is sleeping
2013.12.16 05:12:51  [ID 9] 111
2013.12.16 05:12:51   Child thread is sleeping
2013.12.16 05:12:51  [ID 9] 114
2013.12.16 05:12:51   Child thread is sleeping
2013.12.16 05:12:51  [ID 9] 117
2013.12.16 05:12:51   Child thread is sleeping
2013.12.16 05:12:51  [ID 9] 120
2013.12.16 05:12:51   Child thread is sleeping
2013.12.16 05:12:51  [ID 9] 123
2013.12.16 05:12:51   Child thread is sleeping
2013.12.16 05:12:51  [ID 9] 126
2013.12.16 05:12:51   Child thread is sleeping
2013.12.16 05:12:51  [ID 9] 129
2013.12.16 05:12:51   Child thread is sleeping
2013.12.16 05:12:52  [ID 9] 132
2013.12.16 05:12:52   Child thread is sleeping
2013.12.16 05:12:52  [ID 9] 135
2013.12.16 05:12:52   Child thread is sleeping
2013.12.16 05:12:52  [ID 9] 138
2013.12.16 05:12:52   Child thread is sleeping
2013.12.16 05:12:52  [ID 9] 141
2013.12.16 05:12:52   Child thread is sleeping
2013.12.16 05:12:52  [ID 9] 144
2013.12.16 05:12:52   Child thread is sleeping
2013.12.16 05:12:52  [ID 9] 147
2013.12.16 05:12:52   Child thread is sleeping
2013.12.16 05:12:52  [ID 9] 150
2013.12.16 05:12:52   Child thread is sleeping
2013.12.16 05:12:52  [ID 9] 153
2013.12.16 05:12:52   Child thread is sleeping
2013.12.16 05:12:52  [ID 9] 156
2013.12.16 05:12:52   Child thread is sleeping
2013.12.16 05:12:52  [ID 9] 159
2013.12.16 05:12:52   Child thread is sleeping
2013.12.16 05:12:53  [ID 9] 162
2013.12.16 05:12:53   Child thread is sleeping
2013.12.16 05:12:53  [ID 9] 165
2013.12.16 05:12:53   Child thread is sleeping
2013.12.16 05:12:53  [ID 9] 168
2013.12.16 05:12:53   Child thread is sleeping
2013.12.16 05:12:53  [ID 9] 171
2013.12.16 05:12:53   Child thread is sleeping
2013.12.16 05:12:53  [ID 9] 174
2013.12.16 05:12:53   Child thread is sleeping
2013.12.16 05:12:53  [ID 9] 177
2013.12.16 05:12:53   Child thread is sleeping
2013.12.16 05:12:53  [ID 9] 180
2013.12.16 05:12:53   Child thread is sleeping
2013.12.16 05:12:53  [ID 9] 183
2013.12.16 05:12:53   Child thread is sleeping
2013.12.16 05:12:53  [ID 9] 186
2013.12.16 05:12:53   Child thread is sleeping
2013.12.16 05:12:53  [ID 9] 189
2013.12.16 05:12:53   Child thread is sleeping
2013.12.16 05:12:54  [ID 9] 192
2013.12.16 05:12:54   Child thread is sleeping
2013.12.16 05:12:54  [ID 9] 195
2013.12.16 05:12:54   Child thread is sleeping
2013.12.16 05:12:54  [ID 9] 198
2013.12.16 05:12:54   Child thread is sleeping
2013.12.16 05:12:54  [ID 9] 201
2013.12.16 05:12:54   Child thread is sleeping
2013.12.16 05:12:54  [ID 9] 204
2013.12.16 05:12:54   Child thread is sleeping
2013.12.16 05:12:54  [ID 9] 207
2013.12.16 05:12:54   Child thread is sleeping
2013.12.16 05:12:54  [ID 9] 210
2013.12.16 05:12:54   Child thread is sleeping
2013.12.16 05:12:54  [ID 9] 213
2013.12.16 05:12:54   Child thread is sleeping
2013.12.16 05:12:54  [ID 9] 216
2013.12.16 05:12:54   Child thread is sleeping
2013.12.16 05:12:55  [ID 9] 219
2013.12.16 05:12:55   Child thread is sleeping
2013.12.16 05:12:55  [ID 9] 222
2013.12.16 05:12:55   Child thread is sleeping
2013.12.16 05:12:55  [ID 9] 225
2013.12.16 05:12:55   Child thread is sleeping
2013.12.16 05:12:55  [ID 9] 228
2013.12.16 05:12:55   Child thread is sleeping
2013.12.16 05:12:55  php sent : 0
2013.12.16 05:12:55  java sent : 2013.12.16 05:12:55 
2013.12.16 05:12:55  [ID 9] 231
2013.12.16 05:12:55   Child thread is sleeping
2013.12.16 05:12:55  [ID 9] 234
2013.12.16 05:12:55   Child thread is sleeping
2013.12.16 05:12:55  [ID 9] 237
2013.12.16 05:12:55   Child thread is sleeping
2013.12.16 05:12:55  [ID 9] 240
2013.12.16 05:12:55   Child thread is sleeping
2013.12.16 05:12:55  [ID 9] 243
2013.12.16 05:12:55   Child thread is sleeping
2013.12.16 05:12:55  [ID 9] 246
2013.12.16 05:12:55   Child thread is sleeping
2013.12.16 05:12:56  [ID 9] 249
2013.12.16 05:12:56   Child thread is sleeping
2013.12.16 05:12:56  [ID 9] 252
2013.12.16 05:12:56   Child thread is sleeping
2013.12.16 05:12:56  [ID 9] 255
2013.12.16 05:12:56   Child thread is sleeping
2013.12.16 05:12:56  [ID 9] 258
2013.12.16 05:12:56   Child thread is sleeping
2013.12.16 05:12:56  [ID 9] 261
2013.12.16 05:12:56   Child thread is sleeping
2013.12.16 05:12:56  [ID 9] 264
2013.12.16 05:12:56   Child thread is sleeping
2013.12.16 05:12:56  [ID 9] 267
2013.12.16 05:12:56   Child thread is sleeping
2013.12.16 05:12:56  [ID 9] 270
2013.12.16 05:12:56   Child thread is sleeping
2013.12.16 05:12:56  [ID 9] 273
2013.12.16 05:12:56   Child thread is sleeping
2013.12.16 05:12:56  [ID 9] 276
2013.12.16 05:12:56   Child thread is sleeping
2013.12.16 05:12:57  [ID 9] 279
2013.12.16 05:12:57   Child thread is sleeping
2013.12.16 05:12:57  [ID 9] 282
2013.12.16 05:12:57   Child thread is sleeping
2013.12.16 05:12:57  [ID 9] 285
2013.12.16 05:12:57   Child thread is sleeping
2013.12.16 05:12:57  [ID 9] 288
2013.12.16 05:12:57   Child thread is sleeping
2013.12.16 05:12:57  [ID 9] 291
2013.12.16 05:12:57   Child thread is sleeping
2013.12.16 05:12:57  [ID 9] 294
2013.12.16 05:12:57   Child thread is sleeping
2013.12.16 05:12:57  [ID 9] 297
2013.12.16 05:12:57   Child thread is sleeping
2013.12.16 05:12:57   Child thread terminating
2013.13.16 05:13:05  php sent : 1
2013.13.16 05:13:05  java sent : 2013.13.16 05:13:05 
2013.13.16 05:13:05  [ID 10] 0
2013.13.16 05:13:05   Child thread is sleeping
2013.13.16 05:13:05  [ID 10] 3
2013.13.16 05:13:05   Child thread is sleeping
2013.13.16 05:13:05  [ID 10] 6
2013.13.16 05:13:05   Child thread is sleeping
2013.13.16 05:13:05  [ID 10] 9
2013.13.16 05:13:05   Child thread is sleeping
2013.13.16 05:13:05  [ID 10] 12
2013.13.16 05:13:05   Child thread is sleeping
2013.13.16 05:13:06  [ID 10] 15
2013.13.16 05:13:06   Child thread is sleeping
2013.13.16 05:13:06  [ID 10] 18
2013.13.16 05:13:06   Child thread is sleeping
2013.13.16 05:13:06  [ID 10] 21
2013.13.16 05:13:06   Child thread is sleeping
2013.13.16 05:13:06  [ID 10] 24
2013.13.16 05:13:06   Child thread is sleeping
2013.13.16 05:13:06  [ID 10] 27
2013.13.16 05:13:06   Child thread is sleeping
2013.13.16 05:13:06  [ID 10] 30
2013.13.16 05:13:06   Child thread is sleeping
2013.13.16 05:13:06  [ID 10] 33
2013.13.16 05:13:06   Child thread is sleeping
2013.13.16 05:13:06  [ID 10] 36
2013.13.16 05:13:06   Child thread is sleeping
2013.13.16 05:13:06  [ID 10] 39
2013.13.16 05:13:06   Child thread is sleeping
2013.13.16 05:13:07  [ID 10] 42
2013.13.16 05:13:07   Child thread is sleeping
2013.13.16 05:13:07  [ID 10] 45
2013.13.16 05:13:07   Child thread is sleeping
2013.13.16 05:13:07  [ID 10] 48
2013.13.16 05:13:07   Child thread is sleeping
2013.13.16 05:13:07  [ID 10] 51
2013.13.16 05:13:07   Child thread is sleeping
2013.13.16 05:13:07  [ID 10] 54
2013.13.16 05:13:07   Child thread is sleeping
2013.13.16 05:13:07  [ID 10] 57
2013.13.16 05:13:07   Child thread is sleeping
2013.13.16 05:13:07  [ID 10] 60
2013.13.16 05:13:07   Child thread is sleeping
2013.13.16 05:13:07  [ID 10] 63
2013.13.16 05:13:07   Child thread is sleeping
2013.13.16 05:13:07  [ID 10] 66
2013.13.16 05:13:07   Child thread is sleeping
2013.13.16 05:13:07  [ID 10] 69
2013.13.16 05:13:07   Child thread is sleeping
2013.13.16 05:13:08  [ID 10] 72
2013.13.16 05:13:08   Child thread is sleeping
2013.13.16 05:13:08  [ID 10] 75
2013.13.16 05:13:08   Child thread is sleeping
2013.13.16 05:13:08  [ID 10] 78
2013.13.16 05:13:08   Child thread is sleeping
2013.13.16 05:13:08  [ID 10] 81
2013.13.16 05:13:08   Child thread is sleeping
2013.13.16 05:13:08  [ID 10] 84
2013.13.16 05:13:08   Child thread is sleeping
2013.13.16 05:13:08  [ID 10] 87
2013.13.16 05:13:08   Child thread is sleeping
2013.13.16 05:13:08  [ID 10] 90
2013.13.16 05:13:08   Child thread is sleeping
2013.13.16 05:13:08  [ID 10] 93
2013.13.16 05:13:08   Child thread is sleeping
2013.13.16 05:13:08  [ID 10] 96
2013.13.16 05:13:08   Child thread is sleeping
2013.13.16 05:13:08  [ID 10] 99
2013.13.16 05:13:08   Child thread is sleeping
2013.13.16 05:13:09  [ID 10] 102
2013.13.16 05:13:09   Child thread is sleeping
2013.13.16 05:13:09  [ID 10] 105
2013.13.16 05:13:09   Child thread is sleeping
2013.13.16 05:13:09  [ID 10] 108
2013.13.16 05:13:09   Child thread is sleeping
2013.13.16 05:13:09  [ID 10] 111
2013.13.16 05:13:09   Child thread is sleeping
2013.13.16 05:13:09  [ID 10] 114
2013.13.16 05:13:09   Child thread is sleeping
2013.13.16 05:13:09  [ID 10] 117
2013.13.16 05:13:09   Child thread is sleeping
2013.13.16 05:13:09  [ID 10] 120
2013.13.16 05:13:09   Child thread is sleeping
2013.13.16 05:13:09  [ID 10] 123
2013.13.16 05:13:09   Child thread is sleeping
2013.13.16 05:13:09  [ID 10] 126
2013.13.16 05:13:09   Child thread is sleeping
2013.13.16 05:13:09  [ID 10] 129
2013.13.16 05:13:09   Child thread is sleeping
2013.13.16 05:13:10  [ID 10] 132
2013.13.16 05:13:10   Child thread is sleeping
2013.13.16 05:13:10  [ID 10] 135
2013.13.16 05:13:10   Child thread is sleeping
2013.13.16 05:13:10  [ID 10] 138
2013.13.16 05:13:10   Child thread is sleeping
2013.13.16 05:13:10  [ID 10] 141
2013.13.16 05:13:10   Child thread is sleeping
2013.13.16 05:13:10  [ID 10] 144
2013.13.16 05:13:10   Child thread is sleeping
2013.13.16 05:13:10  [ID 10] 147
2013.13.16 05:13:10   Child thread is sleeping
2013.13.16 05:13:10  [ID 10] 150
2013.13.16 05:13:10   Child thread is sleeping
2013.13.16 05:13:10  [ID 10] 153
2013.13.16 05:13:10   Child thread is sleeping
2013.13.16 05:13:10  [ID 10] 156
2013.13.16 05:13:10   Child thread is sleeping
2013.13.16 05:13:10  [ID 10] 159
2013.13.16 05:13:10   Child thread is sleeping
2013.13.16 05:13:11  [ID 10] 162
2013.13.16 05:13:11   Child thread is sleeping
2013.13.16 05:13:11  [ID 10] 165
2013.13.16 05:13:11   Child thread is sleeping
2013.13.16 05:13:11  [ID 10] 168
2013.13.16 05:13:11   Child thread is sleeping
2013.13.16 05:13:11  [ID 10] 171
2013.13.16 05:13:11   Child thread is sleeping
2013.13.16 05:13:11  [ID 10] 174
2013.13.16 05:13:11   Child thread is sleeping
2013.13.16 05:13:11  [ID 10] 177
2013.13.16 05:13:11   Child thread is sleeping
2013.13.16 05:13:11  [ID 10] 180
2013.13.16 05:13:11   Child thread is sleeping
2013.13.16 05:13:11  [ID 10] 183
2013.13.16 05:13:11   Child thread is sleeping
2013.13.16 05:13:11  [ID 10] 186
2013.13.16 05:13:11   Child thread is sleeping
2013.13.16 05:13:11  [ID 10] 189
2013.13.16 05:13:11   Child thread is sleeping
2013.13.16 05:13:12  [ID 10] 192
2013.13.16 05:13:12   Child thread is sleeping
2013.13.16 05:13:12  [ID 10] 195
2013.13.16 05:13:12   Child thread is sleeping
2013.13.16 05:13:12  [ID 10] 198
2013.13.16 05:13:12   Child thread is sleeping
2013.13.16 05:13:12  [ID 10] 201
2013.13.16 05:13:12   Child thread is sleeping
2013.13.16 05:13:12  [ID 10] 204
2013.13.16 05:13:12   Child thread is sleeping
2013.13.16 05:13:12  [ID 10] 207
2013.13.16 05:13:12   Child thread is sleeping
2013.13.16 05:13:12  [ID 10] 210
2013.13.16 05:13:12   Child thread is sleeping
2013.13.16 05:13:12  [ID 10] 213
2013.13.16 05:13:12   Child thread is sleeping
2013.13.16 05:13:12  [ID 10] 216
2013.13.16 05:13:12   Child thread is sleeping
2013.13.16 05:13:12  [ID 10] 219
2013.13.16 05:13:12   Child thread is sleeping
2013.13.16 05:13:13  [ID 10] 222
2013.13.16 05:13:13   Child thread is sleeping
2013.13.16 05:13:13  [ID 10] 225
2013.13.16 05:13:13   Child thread is sleeping
2013.13.16 05:13:13  [ID 10] 228
2013.13.16 05:13:13   Child thread is sleeping
2013.13.16 05:13:13  [ID 10] 231
2013.13.16 05:13:13   Child thread is sleeping
2013.13.16 05:13:13  [ID 10] 234
2013.13.16 05:13:13   Child thread is sleeping
2013.13.16 05:13:13  [ID 10] 237
2013.13.16 05:13:13   Child thread is sleeping
2013.13.16 05:13:13  [ID 10] 240
2013.13.16 05:13:13   Child thread is sleeping
2013.13.16 05:13:13  [ID 10] 243
2013.13.16 05:13:13   Child thread is sleeping
2013.13.16 05:13:13  [ID 10] 246
2013.13.16 05:13:13   Child thread is sleeping
2013.13.16 05:13:13  [ID 10] 249
2013.13.16 05:13:13   Child thread is sleeping
2013.13.16 05:13:14  [ID 10] 252
2013.13.16 05:13:14   Child thread is sleeping
2013.13.16 05:13:14  [ID 10] 255
2013.13.16 05:13:14   Child thread is sleeping
2013.13.16 05:13:14  [ID 10] 258
2013.13.16 05:13:14   Child thread is sleeping
2013.13.16 05:13:14  [ID 10] 261
2013.13.16 05:13:14   Child thread is sleeping
2013.13.16 05:13:14  [ID 10] 264
2013.13.16 05:13:14   Child thread is sleeping
2013.13.16 05:13:14  [ID 10] 267
2013.13.16 05:13:14   Child thread is sleeping
2013.13.16 05:13:14  [ID 10] 270
2013.13.16 05:13:14   Child thread is sleeping
2013.13.16 05:13:14  [ID 10] 273
2013.13.16 05:13:14   Child thread is sleeping
2013.13.16 05:13:14  [ID 10] 276
2013.13.16 05:13:14   Child thread is sleeping
2013.13.16 05:13:15  [ID 10] 279
2013.13.16 05:13:15   Child thread is sleeping
2013.13.16 05:13:15  [ID 10] 282
2013.13.16 05:13:15   Child thread is sleeping
2013.13.16 05:13:15  [ID 10] 285
2013.13.16 05:13:15   Child thread is sleeping
2013.13.16 05:13:15  [ID 10] 288
2013.13.16 05:13:15   Child thread is sleeping
2013.13.16 05:13:15  [ID 10] 291
2013.13.16 05:13:15   Child thread is sleeping
2013.13.16 05:13:15  [ID 10] 294
2013.13.16 05:13:15   Child thread is sleeping
2013.13.16 05:13:15  [ID 10] 297
2013.13.16 05:13:15   Child thread is sleeping
2013.13.16 05:13:15   Child thread terminating
2013.13.16 05:13:26  php sent : 1
2013.13.16 05:13:26  java sent : 2013.13.16 05:13:26 
2013.13.16 05:13:26  [ID 11] 0
2013.13.16 05:13:26   Child thread is sleeping
2013.13.16 05:13:26  [ID 11] 3
2013.13.16 05:13:26   Child thread is sleeping
2013.13.16 05:13:26  [ID 11] 6
2013.13.16 05:13:26   Child thread is sleeping
2013.13.16 05:13:26  [ID 11] 9
2013.13.16 05:13:26   Child thread is sleeping
2013.13.16 05:13:26  [ID 11] 12
2013.13.16 05:13:26   Child thread is sleeping
2013.13.16 05:13:26  [ID 11] 15
2013.13.16 05:13:26   Child thread is sleeping
2013.13.16 05:13:26  [ID 11] 18
2013.13.16 05:13:26   Child thread is sleeping
2013.13.16 05:13:26  [ID 11] 21
2013.13.16 05:13:26   Child thread is sleeping
2013.13.16 05:13:26  [ID 11] 24
2013.13.16 05:13:26   Child thread is sleeping
2013.13.16 05:13:26  [ID 11] 27
2013.13.16 05:13:26   Child thread is sleeping
2013.13.16 05:13:27  [ID 11] 30
2013.13.16 05:13:27   Child thread is sleeping
2013.13.16 05:13:27  [ID 11] 33
2013.13.16 05:13:27   Child thread is sleeping
2013.13.16 05:13:27  [ID 11] 36
2013.13.16 05:13:27   Child thread is sleeping
2013.13.16 05:13:27  [ID 11] 39
2013.13.16 05:13:27   Child thread is sleeping
2013.13.16 05:13:27  [ID 11] 42
2013.13.16 05:13:27   Child thread is sleeping
2013.13.16 05:13:27  [ID 11] 45
2013.13.16 05:13:27   Child thread is sleeping
2013.13.16 05:13:27  [ID 11] 48
2013.13.16 05:13:27   Child thread is sleeping
2013.13.16 05:13:27  [ID 11] 51
2013.13.16 05:13:27   Child thread is sleeping
2013.13.16 05:13:27  [ID 11] 54
2013.13.16 05:13:27   Child thread is sleeping
2013.13.16 05:13:27  [ID 11] 57
2013.13.16 05:13:27   Child thread is sleeping
2013.13.16 05:13:28  [ID 11] 60
2013.13.16 05:13:28   Child thread is sleeping
2013.13.16 05:13:28  [ID 11] 63
2013.13.16 05:13:28   Child thread is sleeping
2013.13.16 05:13:28  [ID 11] 66
2013.13.16 05:13:28   Child thread is sleeping
2013.13.16 05:13:28  [ID 11] 69
2013.13.16 05:13:28   Child thread is sleeping
2013.13.16 05:13:28  [ID 11] 72
2013.13.16 05:13:28   Child thread is sleeping
2013.13.16 05:13:28  [ID 11] 75
2013.13.16 05:13:28   Child thread is sleeping
2013.13.16 05:13:28  [ID 11] 78
2013.13.16 05:13:28   Child thread is sleeping
2013.13.16 05:13:28  [ID 11] 81
2013.13.16 05:13:28   Child thread is sleeping
2013.13.16 05:13:28  [ID 11] 84
2013.13.16 05:13:28   Child thread is sleeping
2013.13.16 05:13:29  [ID 11] 87
2013.13.16 05:13:29   Child thread is sleeping
2013.13.16 05:13:29  [ID 11] 90
2013.13.16 05:13:29   Child thread is sleeping
2013.13.16 05:13:29  [ID 11] 93
2013.13.16 05:13:29   Child thread is sleeping
2013.13.16 05:13:29  [ID 11] 96
2013.13.16 05:13:29   Child thread is sleeping
2013.13.16 05:13:29  [ID 11] 99
2013.13.16 05:13:29   Child thread is sleeping
2013.13.16 05:13:29  [ID 11] 102
2013.13.16 05:13:29   Child thread is sleeping
2013.13.16 05:13:29  [ID 11] 105
2013.13.16 05:13:29   Child thread is sleeping
2013.13.16 05:13:29  [ID 11] 108
2013.13.16 05:13:29   Child thread is sleeping
2013.13.16 05:13:29  [ID 11] 111
2013.13.16 05:13:29   Child thread is sleeping
2013.13.16 05:13:29  [ID 11] 114
2013.13.16 05:13:29   Child thread is sleeping
2013.13.16 05:13:30  [ID 11] 117
2013.13.16 05:13:30   Child thread is sleeping
2013.13.16 05:13:30  [ID 11] 120
2013.13.16 05:13:30   Child thread is sleeping
2013.13.16 05:13:30  [ID 11] 123
2013.13.16 05:13:30   Child thread is sleeping
2013.13.16 05:13:30  [ID 11] 126
2013.13.16 05:13:30   Child thread is sleeping
2013.13.16 05:13:30  [ID 11] 129
2013.13.16 05:13:30   Child thread is sleeping
2013.13.16 05:13:30  [ID 11] 132
2013.13.16 05:13:30   Child thread is sleeping
2013.13.16 05:13:30  [ID 11] 135
2013.13.16 05:13:30   Child thread is sleeping
2013.13.16 05:13:30  [ID 11] 138
2013.13.16 05:13:30   Child thread is sleeping
2013.13.16 05:13:30  [ID 11] 141
2013.13.16 05:13:30   Child thread is sleeping
2013.13.16 05:13:30  [ID 11] 144
2013.13.16 05:13:30   Child thread is sleeping
2013.13.16 05:13:31  [ID 11] 147
2013.13.16 05:13:31   Child thread is sleeping
2013.13.16 05:13:31  [ID 11] 150
2013.13.16 05:13:31   Child thread is sleeping
2013.13.16 05:13:31  [ID 11] 153
2013.13.16 05:13:31   Child thread is sleeping
2013.13.16 05:13:31  [ID 11] 156
2013.13.16 05:13:31   Child thread is sleeping
2013.13.16 05:13:31  [ID 11] 159
2013.13.16 05:13:31   Child thread is sleeping
2013.13.16 05:13:31  [ID 11] 162
2013.13.16 05:13:31   Child thread is sleeping
2013.13.16 05:13:31  [ID 11] 165
2013.13.16 05:13:31   Child thread is sleeping
2013.13.16 05:13:31  [ID 11] 168
2013.13.16 05:13:31   Child thread is sleeping
2013.13.16 05:13:31  [ID 11] 171
2013.13.16 05:13:31   Child thread is sleeping
2013.13.16 05:13:31  [ID 11] 174
2013.13.16 05:13:31   Child thread is sleeping
2013.13.16 05:13:32  [ID 11] 177
2013.13.16 05:13:32   Child thread is sleeping
2013.13.16 05:13:32  [ID 11] 180
2013.13.16 05:13:32   Child thread is sleeping
2013.13.16 05:13:32  [ID 11] 183
2013.13.16 05:13:32   Child thread is sleeping
2013.13.16 05:13:32  [ID 11] 186
2013.13.16 05:13:32   Child thread is sleeping
2013.13.16 05:13:32  [ID 11] 189
2013.13.16 05:13:32   Child thread is sleeping
2013.13.16 05:13:32  [ID 11] 192
2013.13.16 05:13:32   Child thread is sleeping
2013.13.16 05:13:32  [ID 11] 195
2013.13.16 05:13:32   Child thread is sleeping
2013.13.16 05:13:32  [ID 11] 198
2013.13.16 05:13:32   Child thread is sleeping
2013.13.16 05:13:32  [ID 11] 201
2013.13.16 05:13:32   Child thread is sleeping
2013.13.16 05:13:32  [ID 11] 204
2013.13.16 05:13:32   Child thread is sleeping
2013.13.16 05:13:33  [ID 11] 207
2013.13.16 05:13:33   Child thread is sleeping
2013.13.16 05:13:33  [ID 11] 210
2013.13.16 05:13:33   Child thread is sleeping
2013.13.16 05:13:33  [ID 11] 213
2013.13.16 05:13:33   Child thread is sleeping
2013.13.16 05:13:33  [ID 11] 216
2013.13.16 05:13:33   Child thread is sleeping
2013.13.16 05:13:33  [ID 11] 219
2013.13.16 05:13:33   Child thread is sleeping
2013.13.16 05:13:33  [ID 11] 222
2013.13.16 05:13:33   Child thread is sleeping
2013.13.16 05:13:33  [ID 11] 225
2013.13.16 05:13:33   Child thread is sleeping
2013.13.16 05:13:33  [ID 11] 228
2013.13.16 05:13:33   Child thread is sleeping
2013.13.16 05:13:33  [ID 11] 231
2013.13.16 05:13:33   Child thread is sleeping
2013.13.16 05:13:33  [ID 11] 234
2013.13.16 05:13:33   Child thread is sleeping
2013.13.16 05:13:34  [ID 11] 237
2013.13.16 05:13:34   Child thread is sleeping
2013.13.16 05:13:34  [ID 11] 240
2013.13.16 05:13:34   Child thread is sleeping
2013.13.16 05:13:34  [ID 11] 243
2013.13.16 05:13:34   Child thread is sleeping
2013.13.16 05:13:34  [ID 11] 246
2013.13.16 05:13:34   Child thread is sleeping
2013.13.16 05:13:34  [ID 11] 249
2013.13.16 05:13:34   Child thread is sleeping
2013.13.16 05:13:34  [ID 11] 252
2013.13.16 05:13:34   Child thread is sleeping
2013.13.16 05:13:34  [ID 11] 255
2013.13.16 05:13:34   Child thread is sleeping
2013.13.16 05:13:34  [ID 11] 258
2013.13.16 05:13:34   Child thread is sleeping
2013.13.16 05:13:34  [ID 11] 261
2013.13.16 05:13:34   Child thread is sleeping
2013.13.16 05:13:34  [ID 11] 264
2013.13.16 05:13:34   Child thread is sleeping
2013.13.16 05:13:35  [ID 11] 267
2013.13.16 05:13:35   Child thread is sleeping
2013.13.16 05:13:35  [ID 11] 270
2013.13.16 05:13:35   Child thread is sleeping
2013.13.16 05:13:35  [ID 11] 273
2013.13.16 05:13:35   Child thread is sleeping
2013.13.16 05:13:35  [ID 11] 276
2013.13.16 05:13:35   Child thread is sleeping
2013.13.16 05:13:35  [ID 11] 279
2013.13.16 05:13:35   Child thread is sleeping
2013.13.16 05:13:35  [ID 11] 282
2013.13.16 05:13:35   Child thread is sleeping
2013.13.16 05:13:35  [ID 11] 285
2013.13.16 05:13:35   Child thread is sleeping
2013.13.16 05:13:35  [ID 11] 288
2013.13.16 05:13:35   Child thread is sleeping
2013.13.16 05:13:35  [ID 11] 291
2013.13.16 05:13:35   Child thread is sleeping
2013.13.16 05:13:35  [ID 11] 294
2013.13.16 05:13:35   Child thread is sleeping
2013.13.16 05:13:36  [ID 11] 297
2013.13.16 05:13:36   Child thread is sleeping
2013.13.16 05:13:36   Child thread terminating
2013.13.16 05:13:39  php sent : 1
2013.13.16 05:13:39  java sent : 2013.13.16 05:13:39 
2013.13.16 05:13:39  [ID 12] 0
2013.13.16 05:13:39   Child thread is sleeping
2013.13.16 05:13:39  [ID 12] 3
2013.13.16 05:13:39   Child thread is sleeping
2013.13.16 05:13:39  [ID 12] 6
2013.13.16 05:13:39   Child thread is sleeping
2013.13.16 05:13:39  [ID 12] 9
2013.13.16 05:13:39   Child thread is sleeping
2013.13.16 05:13:39  [ID 12] 12
2013.13.16 05:13:39   Child thread is sleeping
2013.13.16 05:13:39  [ID 12] 15
2013.13.16 05:13:39   Child thread is sleeping
2013.13.16 05:13:39  [ID 12] 18
2013.13.16 05:13:39   Child thread is sleeping
2013.13.16 05:13:39  [ID 12] 21
2013.13.16 05:13:39   Child thread is sleeping
2013.13.16 05:13:40  [ID 12] 24
2013.13.16 05:13:40   Child thread is sleeping
2013.13.16 05:13:40  [ID 12] 27
2013.13.16 05:13:40   Child thread is sleeping
2013.13.16 05:13:40  [ID 12] 30
2013.13.16 05:13:40   Child thread is sleeping
2013.13.16 05:13:40  [ID 12] 33
2013.13.16 05:13:40   Child thread is sleeping
2013.13.16 05:13:40  [ID 12] 36
2013.13.16 05:13:40   Child thread is sleeping
2013.13.16 05:13:40  [ID 12] 39
2013.13.16 05:13:40   Child thread is sleeping
2013.13.16 05:13:40  [ID 12] 42
2013.13.16 05:13:40   Child thread is sleeping
2013.13.16 05:13:40  [ID 12] 45
2013.13.16 05:13:40   Child thread is sleeping
2013.13.16 05:13:40  [ID 12] 48
2013.13.16 05:13:40   Child thread is sleeping
2013.13.16 05:13:41  [ID 12] 51
2013.13.16 05:13:41   Child thread is sleeping
2013.13.16 05:13:41  [ID 12] 54
2013.13.16 05:13:41   Child thread is sleeping
2013.13.16 05:13:41  [ID 12] 57
2013.13.16 05:13:41   Child thread is sleeping
2013.13.16 05:13:41  [ID 12] 60
2013.13.16 05:13:41   Child thread is sleeping
2013.13.16 05:13:41  [ID 12] 63
2013.13.16 05:13:41   Child thread is sleeping
2013.13.16 05:13:41  [ID 12] 66
2013.13.16 05:13:41   Child thread is sleeping
2013.13.16 05:13:41  [ID 12] 69
2013.13.16 05:13:41   Child thread is sleeping
2013.13.16 05:13:41  [ID 12] 72
2013.13.16 05:13:41   Child thread is sleeping
2013.13.16 05:13:41  [ID 12] 75
2013.13.16 05:13:41   Child thread is sleeping
2013.13.16 05:13:41  [ID 12] 78
2013.13.16 05:13:41   Child thread is sleeping
2013.13.16 05:13:42  [ID 12] 81
2013.13.16 05:13:42   Child thread is sleeping
2013.13.16 05:13:42  [ID 12] 84
2013.13.16 05:13:42   Child thread is sleeping
2013.13.16 05:13:42  [ID 12] 87
2013.13.16 05:13:42   Child thread is sleeping
2013.13.16 05:13:42  [ID 12] 90
2013.13.16 05:13:42   Child thread is sleeping
2013.13.16 05:13:42  [ID 12] 93
2013.13.16 05:13:42   Child thread is sleeping
2013.13.16 05:13:42  [ID 12] 96
2013.13.16 05:13:42   Child thread is sleeping
2013.13.16 05:13:42  [ID 12] 99
2013.13.16 05:13:42   Child thread is sleeping
2013.13.16 05:13:42  [ID 12] 102
2013.13.16 05:13:42   Child thread is sleeping
2013.13.16 05:13:42  [ID 12] 105
2013.13.16 05:13:42   Child thread is sleeping
2013.13.16 05:13:42  [ID 12] 108
2013.13.16 05:13:42   Child thread is sleeping
2013.13.16 05:13:43  [ID 12] 111
2013.13.16 05:13:43   Child thread is sleeping
2013.13.16 05:13:43  [ID 12] 114
2013.13.16 05:13:43   Child thread is sleeping
2013.13.16 05:13:43  [ID 12] 117
2013.13.16 05:13:43   Child thread is sleeping
2013.13.16 05:13:43  [ID 12] 120
2013.13.16 05:13:43   Child thread is sleeping
2013.13.16 05:13:43  [ID 12] 123
2013.13.16 05:13:43   Child thread is sleeping
2013.13.16 05:13:43  [ID 12] 126
2013.13.16 05:13:43   Child thread is sleeping
2013.13.16 05:13:43  [ID 12] 129
2013.13.16 05:13:43   Child thread is sleeping
2013.13.16 05:13:43  [ID 12] 132
2013.13.16 05:13:43   Child thread is sleeping
2013.13.16 05:13:43  [ID 12] 135
2013.13.16 05:13:43   Child thread is sleeping
2013.13.16 05:13:43  [ID 12] 138
2013.13.16 05:13:43   Child thread is sleeping
2013.13.16 05:13:44  [ID 12] 141
2013.13.16 05:13:44   Child thread is sleeping
2013.13.16 05:13:44  [ID 12] 144
2013.13.16 05:13:44   Child thread is sleeping
2013.13.16 05:13:44  [ID 12] 147
2013.13.16 05:13:44   Child thread is sleeping
2013.13.16 05:13:44  [ID 12] 150
2013.13.16 05:13:44   Child thread is sleeping
2013.13.16 05:13:44  [ID 12] 153
2013.13.16 05:13:44   Child thread is sleeping
2013.13.16 05:13:44  [ID 12] 156
2013.13.16 05:13:44   Child thread is sleeping
2013.13.16 05:13:44  [ID 12] 159
2013.13.16 05:13:44   Child thread is sleeping
2013.13.16 05:13:44  [ID 12] 162
2013.13.16 05:13:44   Child thread is sleeping
2013.13.16 05:13:44  [ID 12] 165
2013.13.16 05:13:44   Child thread is sleeping
2013.13.16 05:13:44  [ID 12] 168
2013.13.16 05:13:44   Child thread is sleeping
2013.13.16 05:13:45  [ID 12] 171
2013.13.16 05:13:45   Child thread is sleeping
2013.13.16 05:13:45  [ID 12] 174
2013.13.16 05:13:45   Child thread is sleeping
2013.13.16 05:13:45  [ID 12] 177
2013.13.16 05:13:45   Child thread is sleeping
2013.13.16 05:13:45  [ID 12] 180
2013.13.16 05:13:45   Child thread is sleeping
2013.13.16 05:13:45  [ID 12] 183
2013.13.16 05:13:45   Child thread is sleeping
2013.13.16 05:13:45  [ID 12] 186
2013.13.16 05:13:45   Child thread is sleeping
2013.13.16 05:13:45  [ID 12] 189
2013.13.16 05:13:45   Child thread is sleeping
2013.13.16 05:13:45  [ID 12] 192
2013.13.16 05:13:45   Child thread is sleeping
2013.13.16 05:13:45  [ID 12] 195
2013.13.16 05:13:45   Child thread is sleeping
2013.13.16 05:13:45  [ID 12] 198
2013.13.16 05:13:45   Child thread is sleeping
2013.13.16 05:13:46  [ID 12] 201
2013.13.16 05:13:46   Child thread is sleeping
2013.13.16 05:13:46  [ID 12] 204
2013.13.16 05:13:46   Child thread is sleeping
2013.13.16 05:13:46  [ID 12] 207
2013.13.16 05:13:46   Child thread is sleeping
2013.13.16 05:13:46  [ID 12] 210
2013.13.16 05:13:46   Child thread is sleeping
2013.13.16 05:13:46  [ID 12] 213
2013.13.16 05:13:46   Child thread is sleeping
2013.13.16 05:13:46  [ID 12] 216
2013.13.16 05:13:46   Child thread is sleeping
2013.13.16 05:13:46  [ID 12] 219
2013.13.16 05:13:46   Child thread is sleeping
2013.13.16 05:13:46  [ID 12] 222
2013.13.16 05:13:46   Child thread is sleeping
2013.13.16 05:13:46  [ID 12] 225
2013.13.16 05:13:46   Child thread is sleeping
2013.13.16 05:13:46  [ID 12] 228
2013.13.16 05:13:46   Child thread is sleeping
2013.13.16 05:13:47  [ID 12] 231
2013.13.16 05:13:47   Child thread is sleeping
2013.13.16 05:13:47  [ID 12] 234
2013.13.16 05:13:47   Child thread is sleeping
2013.13.16 05:13:47  [ID 12] 237
2013.13.16 05:13:47   Child thread is sleeping
2013.13.16 05:13:47  [ID 12] 240
2013.13.16 05:13:47   Child thread is sleeping
2013.13.16 05:13:47  [ID 12] 243
2013.13.16 05:13:47   Child thread is sleeping
2013.13.16 05:13:47  [ID 12] 246
2013.13.16 05:13:47   Child thread is sleeping
2013.13.16 05:13:47  [ID 12] 249
2013.13.16 05:13:47   Child thread is sleeping
2013.13.16 05:13:47  [ID 12] 252
2013.13.16 05:13:47   Child thread is sleeping
2013.13.16 05:13:47  [ID 12] 255
2013.13.16 05:13:47   Child thread is sleeping
2013.13.16 05:13:47  [ID 12] 258
2013.13.16 05:13:47   Child thread is sleeping
2013.13.16 05:13:48  [ID 12] 261
2013.13.16 05:13:48   Child thread is sleeping
2013.13.16 05:13:48  [ID 12] 264
2013.13.16 05:13:48   Child thread is sleeping
2013.13.16 05:13:48  [ID 12] 267
2013.13.16 05:13:48   Child thread is sleeping
2013.13.16 05:13:48  [ID 12] 270
2013.13.16 05:13:48   Child thread is sleeping
2013.13.16 05:13:48  [ID 12] 273
2013.13.16 05:13:48   Child thread is sleeping
2013.13.16 05:13:48  [ID 12] 276
2013.13.16 05:13:48   Child thread is sleeping
2013.13.16 05:13:48  [ID 12] 279
2013.13.16 05:13:48   Child thread is sleeping
2013.13.16 05:13:48  [ID 12] 282
2013.13.16 05:13:48   Child thread is sleeping
2013.13.16 05:13:48  [ID 12] 285
2013.13.16 05:13:48   Child thread is sleeping
2013.13.16 05:13:49  [ID 12] 288
2013.13.16 05:13:49   Child thread is sleeping
2013.13.16 05:13:49  [ID 12] 291
2013.13.16 05:13:49   Child thread is sleeping
2013.13.16 05:13:49  [ID 12] 294
2013.13.16 05:13:49   Child thread is sleeping
2013.13.16 05:13:49  [ID 12] 297
2013.13.16 05:13:49   Child thread is sleeping
2013.13.16 05:13:49   Child thread terminating
